<?xml version="1.0" encoding="UTF-8"?>
<testsuite xmlns:xsi="http://www.w3.org/2001/XMLSchema-instance" xsi:noNamespaceSchemaLocation="https://maven.apache.org/surefire/maven-surefire-plugin/xsd/surefire-test-report.xsd" version="3.0.2" name="TestSuite" time="10.239" tests="1" errors="0" skipped="0" failures="0">
  <properties>
    <property name="sun.desktop" value="windows"/>
    <property name="awt.toolkit" value="sun.awt.windows.WToolkit"/>
    <property name="java.specification.version" value="11"/>
    <property name="webdriver.chrome.driver" value="Resources\chromedriver.exe"/>
    <property name="sun.cpu.isalist" value="amd64"/>
    <property name="sun.jnu.encoding" value="Cp1252"/>
    <property name="java.class.path" value="C:\Users\MOHANASUNDARAM\Desktop\bdd\bddcapstone\target\test-classes;C:\Users\MOHANASUNDARAM\Desktop\bdd\bddcapstone\target\classes;C:\Users\MOHANASUNDARAM\.m2\repository\junit\junit\4.13.2\junit-4.13.2.jar;C:\Users\MOHANASUNDARAM\.m2\repository\org\hamcrest\hamcrest-core\1.3\hamcrest-core-1.3.jar;C:\Users\MOHANASUNDARAM\.m2\repository\io\cucumber\cucumber-java\7.20.1\cucumber-java-7.20.1.jar;C:\Users\MOHANASUNDARAM\.m2\repository\io\cucumber\cucumber-core\7.20.1\cucumber-core-7.20.1.jar;C:\Users\MOHANASUNDARAM\.m2\repository\io\cucumber\cucumber-gherkin\7.20.1\cucumber-gherkin-7.20.1.jar;C:\Users\MOHANASUNDARAM\.m2\repository\io\cucumber\cucumber-gherkin-messages\7.20.1\cucumber-gherkin-messages-7.20.1.jar;C:\Users\MOHANASUNDARAM\.m2\repository\io\cucumber\gherkin\28.0.0\gherkin-28.0.0.jar;C:\Users\MOHANASUNDARAM\.m2\repository\io\cucumber\messages\24.1.0\messages-24.1.0.jar;C:\Users\MOHANASUNDARAM\.m2\repository\io\cucumber\testng-xml-formatter\0.2.0\testng-xml-formatter-0.2.0.jar;C:\Users\MOHANASUNDARAM\.m2\repository\io\cucumber\query\12.2.0\query-12.2.0.jar;C:\Users\MOHANASUNDARAM\.m2\repository\io\cucumber\tag-expressions\6.1.0\tag-expressions-6.1.0.jar;C:\Users\MOHANASUNDARAM\.m2\repository\io\cucumber\cucumber-expressions\17.1.0\cucumber-expressions-17.1.0.jar;C:\Users\MOHANASUNDARAM\.m2\repository\io\cucumber\datatable\7.20.1\datatable-7.20.1.jar;C:\Users\MOHANASUNDARAM\.m2\repository\io\cucumber\cucumber-plugin\7.20.1\cucumber-plugin-7.20.1.jar;C:\Users\MOHANASUNDARAM\.m2\repository\io\cucumber\docstring\7.20.1\docstring-7.20.1.jar;C:\Users\MOHANASUNDARAM\.m2\repository\io\cucumber\html-formatter\21.7.0\html-formatter-21.7.0.jar;C:\Users\MOHANASUNDARAM\.m2\repository\io\cucumber\junit-xml-formatter\0.5.0\junit-xml-formatter-0.5.0.jar;C:\Users\MOHANASUNDARAM\.m2\repository\io\cucumber\ci-environment\10.0.1\ci-environment-10.0.1.jar;C:\Users\MOHANASUNDARAM\.m2\repository\org\apiguardian\apiguardian-api\1.1.2\apiguardian-api-1.1.2.jar;C:\Users\MOHANASUNDARAM\.m2\repository\io\cucumber\cucumber-testng\7.20.1\cucumber-testng-7.20.1.jar;C:\Users\MOHANASUNDARAM\.m2\repository\commons-io\commons-io\2.17.0\commons-io-2.17.0.jar;C:\Users\MOHANASUNDARAM\.m2\repository\org\seleniumhq\selenium\selenium-java\4.26.0\selenium-java-4.26.0.jar;C:\Users\MOHANASUNDARAM\.m2\repository\org\seleniumhq\selenium\selenium-api\4.26.0\selenium-api-4.26.0.jar;C:\Users\MOHANASUNDARAM\.m2\repository\org\jspecify\jspecify\1.0.0\jspecify-1.0.0.jar;C:\Users\MOHANASUNDARAM\.m2\repository\org\seleniumhq\selenium\selenium-chrome-driver\4.26.0\selenium-chrome-driver-4.26.0.jar;C:\Users\MOHANASUNDARAM\.m2\repository\com\google\auto\service\auto-service-annotations\1.1.1\auto-service-annotations-1.1.1.jar;C:\Users\MOHANASUNDARAM\.m2\repository\org\seleniumhq\selenium\selenium-chromium-driver\4.26.0\selenium-chromium-driver-4.26.0.jar;C:\Users\MOHANASUNDARAM\.m2\repository\org\seleniumhq\selenium\selenium-json\4.26.0\selenium-json-4.26.0.jar;C:\Users\MOHANASUNDARAM\.m2\repository\org\seleniumhq\selenium\selenium-manager\4.26.0\selenium-manager-4.26.0.jar;C:\Users\MOHANASUNDARAM\.m2\repository\org\seleniumhq\selenium\selenium-devtools-v128\4.26.0\selenium-devtools-v128-4.26.0.jar;C:\Users\MOHANASUNDARAM\.m2\repository\org\seleniumhq\selenium\selenium-devtools-v129\4.26.0\selenium-devtools-v129-4.26.0.jar;C:\Users\MOHANASUNDARAM\.m2\repository\org\seleniumhq\selenium\selenium-devtools-v130\4.26.0\selenium-devtools-v130-4.26.0.jar;C:\Users\MOHANASUNDARAM\.m2\repository\org\seleniumhq\selenium\selenium-devtools-v85\4.26.0\selenium-devtools-v85-4.26.0.jar;C:\Users\MOHANASUNDARAM\.m2\repository\org\seleniumhq\selenium\selenium-edge-driver\4.26.0\selenium-edge-driver-4.26.0.jar;C:\Users\MOHANASUNDARAM\.m2\repository\org\seleniumhq\selenium\selenium-firefox-driver\4.26.0\selenium-firefox-driver-4.26.0.jar;C:\Users\MOHANASUNDARAM\.m2\repository\org\seleniumhq\selenium\selenium-http\4.26.0\selenium-http-4.26.0.jar;C:\Users\MOHANASUNDARAM\.m2\repository\dev\failsafe\failsafe\3.3.2\failsafe-3.3.2.jar;C:\Users\MOHANASUNDARAM\.m2\repository\org\seleniumhq\selenium\selenium-ie-driver\4.26.0\selenium-ie-driver-4.26.0.jar;C:\Users\MOHANASUNDARAM\.m2\repository\org\seleniumhq\selenium\selenium-remote-driver\4.26.0\selenium-remote-driver-4.26.0.jar;C:\Users\MOHANASUNDARAM\.m2\repository\com\google\guava\guava\33.3.1-jre\guava-33.3.1-jre.jar;C:\Users\MOHANASUNDARAM\.m2\repository\com\google\guava\failureaccess\1.0.2\failureaccess-1.0.2.jar;C:\Users\MOHANASUNDARAM\.m2\repository\com\google\guava\listenablefuture\9999.0-empty-to-avoid-conflict-with-guava\listenablefuture-9999.0-empty-to-avoid-conflict-with-guava.jar;C:\Users\MOHANASUNDARAM\.m2\repository\com\google\code\findbugs\jsr305\3.0.2\jsr305-3.0.2.jar;C:\Users\MOHANASUNDARAM\.m2\repository\org\checkerframework\checker-qual\3.43.0\checker-qual-3.43.0.jar;C:\Users\MOHANASUNDARAM\.m2\repository\com\google\errorprone\error_prone_annotations\2.28.0\error_prone_annotations-2.28.0.jar;C:\Users\MOHANASUNDARAM\.m2\repository\com\google\j2objc\j2objc-annotations\3.0.0\j2objc-annotations-3.0.0.jar;C:\Users\MOHANASUNDARAM\.m2\repository\io\opentelemetry\semconv\opentelemetry-semconv\1.25.0-alpha\opentelemetry-semconv-1.25.0-alpha.jar;C:\Users\MOHANASUNDARAM\.m2\repository\io\opentelemetry\opentelemetry-api\1.43.0\opentelemetry-api-1.43.0.jar;C:\Users\MOHANASUNDARAM\.m2\repository\io\opentelemetry\opentelemetry-context\1.43.0\opentelemetry-context-1.43.0.jar;C:\Users\MOHANASUNDARAM\.m2\repository\io\opentelemetry\opentelemetry-exporter-logging\1.43.0\opentelemetry-exporter-logging-1.43.0.jar;C:\Users\MOHANASUNDARAM\.m2\repository\io\opentelemetry\opentelemetry-sdk-common\1.43.0\opentelemetry-sdk-common-1.43.0.jar;C:\Users\MOHANASUNDARAM\.m2\repository\io\opentelemetry\opentelemetry-sdk-extension-autoconfigure-spi\1.43.0\opentelemetry-sdk-extension-autoconfigure-spi-1.43.0.jar;C:\Users\MOHANASUNDARAM\.m2\repository\io\opentelemetry\opentelemetry-sdk-extension-autoconfigure\1.43.0\opentelemetry-sdk-extension-autoconfigure-1.43.0.jar;C:\Users\MOHANASUNDARAM\.m2\repository\io\opentelemetry\opentelemetry-api-incubator\1.43.0-alpha\opentelemetry-api-incubator-1.43.0-alpha.jar;C:\Users\MOHANASUNDARAM\.m2\repository\io\opentelemetry\opentelemetry-sdk-trace\1.43.0\opentelemetry-sdk-trace-1.43.0.jar;C:\Users\MOHANASUNDARAM\.m2\repository\io\opentelemetry\opentelemetry-sdk\1.43.0\opentelemetry-sdk-1.43.0.jar;C:\Users\MOHANASUNDARAM\.m2\repository\io\opentelemetry\opentelemetry-sdk-metrics\1.43.0\opentelemetry-sdk-metrics-1.43.0.jar;C:\Users\MOHANASUNDARAM\.m2\repository\io\opentelemetry\opentelemetry-sdk-logs\1.43.0\opentelemetry-sdk-logs-1.43.0.jar;C:\Users\MOHANASUNDARAM\.m2\repository\net\bytebuddy\byte-buddy\1.15.7\byte-buddy-1.15.7.jar;C:\Users\MOHANASUNDARAM\.m2\repository\org\seleniumhq\selenium\selenium-os\4.26.0\selenium-os-4.26.0.jar;C:\Users\MOHANASUNDARAM\.m2\repository\org\apache\commons\commons-exec\1.4.0\commons-exec-1.4.0.jar;C:\Users\MOHANASUNDARAM\.m2\repository\org\seleniumhq\selenium\selenium-safari-driver\4.26.0\selenium-safari-driver-4.26.0.jar;C:\Users\MOHANASUNDARAM\.m2\repository\org\seleniumhq\selenium\selenium-support\4.26.0\selenium-support-4.26.0.jar;C:\Users\MOHANASUNDARAM\.m2\repository\io\cucumber\cucumber-junit\7.20.1\cucumber-junit-7.20.1.jar;C:\Users\MOHANASUNDARAM\.m2\repository\org\testng\testng\7.10.2\testng-7.10.2.jar;C:\Users\MOHANASUNDARAM\.m2\repository\org\slf4j\slf4j-api\1.7.36\slf4j-api-1.7.36.jar;C:\Users\MOHANASUNDARAM\.m2\repository\com\beust\jcommander\1.82\jcommander-1.82.jar;C:\Users\MOHANASUNDARAM\.m2\repository\org\webjars\jquery\3.7.1\jquery-3.7.1.jar;C:\Users\MOHANASUNDARAM\.m2\repository\io\cucumber\cucumber-picocontainer\7.20.1\cucumber-picocontainer-7.20.1.jar;C:\Users\MOHANASUNDARAM\.m2\repository\org\picocontainer\picocontainer\2.15\picocontainer-2.15.jar;C:\Users\MOHANASUNDARAM\.m2\repository\org\apache\poi\poi\5.3.0\poi-5.3.0.jar;C:\Users\MOHANASUNDARAM\.m2\repository\commons-codec\commons-codec\1.17.0\commons-codec-1.17.0.jar;C:\Users\MOHANASUNDARAM\.m2\repository\org\apache\commons\commons-collections4\4.4\commons-collections4-4.4.jar;C:\Users\MOHANASUNDARAM\.m2\repository\org\apache\commons\commons-math3\3.6.1\commons-math3-3.6.1.jar;C:\Users\MOHANASUNDARAM\.m2\repository\com\zaxxer\SparseBitSet\1.3\SparseBitSet-1.3.jar;C:\Users\MOHANASUNDARAM\.m2\repository\org\apache\logging\log4j\log4j-api\2.23.1\log4j-api-2.23.1.jar;C:\Users\MOHANASUNDARAM\.m2\repository\org\apache\poi\poi-ooxml\5.3.0\poi-ooxml-5.3.0.jar;C:\Users\MOHANASUNDARAM\.m2\repository\org\apache\poi\poi-ooxml-lite\5.3.0\poi-ooxml-lite-5.3.0.jar;C:\Users\MOHANASUNDARAM\.m2\repository\org\apache\xmlbeans\xmlbeans\5.2.1\xmlbeans-5.2.1.jar;C:\Users\MOHANASUNDARAM\.m2\repository\org\apache\commons\commons-compress\1.26.2\commons-compress-1.26.2.jar;C:\Users\MOHANASUNDARAM\.m2\repository\org\apache\commons\commons-lang3\3.14.0\commons-lang3-3.14.0.jar;C:\Users\MOHANASUNDARAM\.m2\repository\com\github\virtuald\curvesapi\1.08\curvesapi-1.08.jar;"/>
    <property name="java.vm.vendor" value="Oracle Corporation"/>
    <property name="sun.arch.data.model" value="64"/>
    <property name="user.variant" value=""/>
    <property name="java.vendor.url" value="https://openjdk.java.net/"/>
    <property name="user.timezone" value="Asia/Calcutta"/>
    <property name="java.vm.specification.version" value="11"/>
    <property name="os.name" value="Windows 11"/>
    <property name="sun.java.launcher" value="SUN_STANDARD"/>
    <property name="user.country" value="IN"/>
    <property name="sun.boot.library.path" value="C:\Program Files\Java\jdk-11\bin"/>
    <property name="sun.java.command" value="C:\Users\MOHANASUNDARAM\AppData\Local\Temp\surefire5718204242442450461\surefirebooter-20241123111435218_3.jar C:\Users\MOHANASUNDARAM\AppData\Local\Temp\surefire5718204242442450461 2024-11-23T11-14-34_757-jvmRun1 surefire-20241123111435218_1tmp surefire_0-20241123111435218_2tmp"/>
    <property name="jdk.debug" value="release"/>
    <property name="surefire.test.class.path" value="C:\Users\MOHANASUNDARAM\Desktop\bdd\bddcapstone\target\test-classes;C:\Users\MOHANASUNDARAM\Desktop\bdd\bddcapstone\target\classes;C:\Users\MOHANASUNDARAM\.m2\repository\junit\junit\4.13.2\junit-4.13.2.jar;C:\Users\MOHANASUNDARAM\.m2\repository\org\hamcrest\hamcrest-core\1.3\hamcrest-core-1.3.jar;C:\Users\MOHANASUNDARAM\.m2\repository\io\cucumber\cucumber-java\7.20.1\cucumber-java-7.20.1.jar;C:\Users\MOHANASUNDARAM\.m2\repository\io\cucumber\cucumber-core\7.20.1\cucumber-core-7.20.1.jar;C:\Users\MOHANASUNDARAM\.m2\repository\io\cucumber\cucumber-gherkin\7.20.1\cucumber-gherkin-7.20.1.jar;C:\Users\MOHANASUNDARAM\.m2\repository\io\cucumber\cucumber-gherkin-messages\7.20.1\cucumber-gherkin-messages-7.20.1.jar;C:\Users\MOHANASUNDARAM\.m2\repository\io\cucumber\gherkin\28.0.0\gherkin-28.0.0.jar;C:\Users\MOHANASUNDARAM\.m2\repository\io\cucumber\messages\24.1.0\messages-24.1.0.jar;C:\Users\MOHANASUNDARAM\.m2\repository\io\cucumber\testng-xml-formatter\0.2.0\testng-xml-formatter-0.2.0.jar;C:\Users\MOHANASUNDARAM\.m2\repository\io\cucumber\query\12.2.0\query-12.2.0.jar;C:\Users\MOHANASUNDARAM\.m2\repository\io\cucumber\tag-expressions\6.1.0\tag-expressions-6.1.0.jar;C:\Users\MOHANASUNDARAM\.m2\repository\io\cucumber\cucumber-expressions\17.1.0\cucumber-expressions-17.1.0.jar;C:\Users\MOHANASUNDARAM\.m2\repository\io\cucumber\datatable\7.20.1\datatable-7.20.1.jar;C:\Users\MOHANASUNDARAM\.m2\repository\io\cucumber\cucumber-plugin\7.20.1\cucumber-plugin-7.20.1.jar;C:\Users\MOHANASUNDARAM\.m2\repository\io\cucumber\docstring\7.20.1\docstring-7.20.1.jar;C:\Users\MOHANASUNDARAM\.m2\repository\io\cucumber\html-formatter\21.7.0\html-formatter-21.7.0.jar;C:\Users\MOHANASUNDARAM\.m2\repository\io\cucumber\junit-xml-formatter\0.5.0\junit-xml-formatter-0.5.0.jar;C:\Users\MOHANASUNDARAM\.m2\repository\io\cucumber\ci-environment\10.0.1\ci-environment-10.0.1.jar;C:\Users\MOHANASUNDARAM\.m2\repository\org\apiguardian\apiguardian-api\1.1.2\apiguardian-api-1.1.2.jar;C:\Users\MOHANASUNDARAM\.m2\repository\io\cucumber\cucumber-testng\7.20.1\cucumber-testng-7.20.1.jar;C:\Users\MOHANASUNDARAM\.m2\repository\commons-io\commons-io\2.17.0\commons-io-2.17.0.jar;C:\Users\MOHANASUNDARAM\.m2\repository\org\seleniumhq\selenium\selenium-java\4.26.0\selenium-java-4.26.0.jar;C:\Users\MOHANASUNDARAM\.m2\repository\org\seleniumhq\selenium\selenium-api\4.26.0\selenium-api-4.26.0.jar;C:\Users\MOHANASUNDARAM\.m2\repository\org\jspecify\jspecify\1.0.0\jspecify-1.0.0.jar;C:\Users\MOHANASUNDARAM\.m2\repository\org\seleniumhq\selenium\selenium-chrome-driver\4.26.0\selenium-chrome-driver-4.26.0.jar;C:\Users\MOHANASUNDARAM\.m2\repository\com\google\auto\service\auto-service-annotations\1.1.1\auto-service-annotations-1.1.1.jar;C:\Users\MOHANASUNDARAM\.m2\repository\org\seleniumhq\selenium\selenium-chromium-driver\4.26.0\selenium-chromium-driver-4.26.0.jar;C:\Users\MOHANASUNDARAM\.m2\repository\org\seleniumhq\selenium\selenium-json\4.26.0\selenium-json-4.26.0.jar;C:\Users\MOHANASUNDARAM\.m2\repository\org\seleniumhq\selenium\selenium-manager\4.26.0\selenium-manager-4.26.0.jar;C:\Users\MOHANASUNDARAM\.m2\repository\org\seleniumhq\selenium\selenium-devtools-v128\4.26.0\selenium-devtools-v128-4.26.0.jar;C:\Users\MOHANASUNDARAM\.m2\repository\org\seleniumhq\selenium\selenium-devtools-v129\4.26.0\selenium-devtools-v129-4.26.0.jar;C:\Users\MOHANASUNDARAM\.m2\repository\org\seleniumhq\selenium\selenium-devtools-v130\4.26.0\selenium-devtools-v130-4.26.0.jar;C:\Users\MOHANASUNDARAM\.m2\repository\org\seleniumhq\selenium\selenium-devtools-v85\4.26.0\selenium-devtools-v85-4.26.0.jar;C:\Users\MOHANASUNDARAM\.m2\repository\org\seleniumhq\selenium\selenium-edge-driver\4.26.0\selenium-edge-driver-4.26.0.jar;C:\Users\MOHANASUNDARAM\.m2\repository\org\seleniumhq\selenium\selenium-firefox-driver\4.26.0\selenium-firefox-driver-4.26.0.jar;C:\Users\MOHANASUNDARAM\.m2\repository\org\seleniumhq\selenium\selenium-http\4.26.0\selenium-http-4.26.0.jar;C:\Users\MOHANASUNDARAM\.m2\repository\dev\failsafe\failsafe\3.3.2\failsafe-3.3.2.jar;C:\Users\MOHANASUNDARAM\.m2\repository\org\seleniumhq\selenium\selenium-ie-driver\4.26.0\selenium-ie-driver-4.26.0.jar;C:\Users\MOHANASUNDARAM\.m2\repository\org\seleniumhq\selenium\selenium-remote-driver\4.26.0\selenium-remote-driver-4.26.0.jar;C:\Users\MOHANASUNDARAM\.m2\repository\com\google\guava\guava\33.3.1-jre\guava-33.3.1-jre.jar;C:\Users\MOHANASUNDARAM\.m2\repository\com\google\guava\failureaccess\1.0.2\failureaccess-1.0.2.jar;C:\Users\MOHANASUNDARAM\.m2\repository\com\google\guava\listenablefuture\9999.0-empty-to-avoid-conflict-with-guava\listenablefuture-9999.0-empty-to-avoid-conflict-with-guava.jar;C:\Users\MOHANASUNDARAM\.m2\repository\com\google\code\findbugs\jsr305\3.0.2\jsr305-3.0.2.jar;C:\Users\MOHANASUNDARAM\.m2\repository\org\checkerframework\checker-qual\3.43.0\checker-qual-3.43.0.jar;C:\Users\MOHANASUNDARAM\.m2\repository\com\google\errorprone\error_prone_annotations\2.28.0\error_prone_annotations-2.28.0.jar;C:\Users\MOHANASUNDARAM\.m2\repository\com\google\j2objc\j2objc-annotations\3.0.0\j2objc-annotations-3.0.0.jar;C:\Users\MOHANASUNDARAM\.m2\repository\io\opentelemetry\semconv\opentelemetry-semconv\1.25.0-alpha\opentelemetry-semconv-1.25.0-alpha.jar;C:\Users\MOHANASUNDARAM\.m2\repository\io\opentelemetry\opentelemetry-api\1.43.0\opentelemetry-api-1.43.0.jar;C:\Users\MOHANASUNDARAM\.m2\repository\io\opentelemetry\opentelemetry-context\1.43.0\opentelemetry-context-1.43.0.jar;C:\Users\MOHANASUNDARAM\.m2\repository\io\opentelemetry\opentelemetry-exporter-logging\1.43.0\opentelemetry-exporter-logging-1.43.0.jar;C:\Users\MOHANASUNDARAM\.m2\repository\io\opentelemetry\opentelemetry-sdk-common\1.43.0\opentelemetry-sdk-common-1.43.0.jar;C:\Users\MOHANASUNDARAM\.m2\repository\io\opentelemetry\opentelemetry-sdk-extension-autoconfigure-spi\1.43.0\opentelemetry-sdk-extension-autoconfigure-spi-1.43.0.jar;C:\Users\MOHANASUNDARAM\.m2\repository\io\opentelemetry\opentelemetry-sdk-extension-autoconfigure\1.43.0\opentelemetry-sdk-extension-autoconfigure-1.43.0.jar;C:\Users\MOHANASUNDARAM\.m2\repository\io\opentelemetry\opentelemetry-api-incubator\1.43.0-alpha\opentelemetry-api-incubator-1.43.0-alpha.jar;C:\Users\MOHANASUNDARAM\.m2\repository\io\opentelemetry\opentelemetry-sdk-trace\1.43.0\opentelemetry-sdk-trace-1.43.0.jar;C:\Users\MOHANASUNDARAM\.m2\repository\io\opentelemetry\opentelemetry-sdk\1.43.0\opentelemetry-sdk-1.43.0.jar;C:\Users\MOHANASUNDARAM\.m2\repository\io\opentelemetry\opentelemetry-sdk-metrics\1.43.0\opentelemetry-sdk-metrics-1.43.0.jar;C:\Users\MOHANASUNDARAM\.m2\repository\io\opentelemetry\opentelemetry-sdk-logs\1.43.0\opentelemetry-sdk-logs-1.43.0.jar;C:\Users\MOHANASUNDARAM\.m2\repository\net\bytebuddy\byte-buddy\1.15.7\byte-buddy-1.15.7.jar;C:\Users\MOHANASUNDARAM\.m2\repository\org\seleniumhq\selenium\selenium-os\4.26.0\selenium-os-4.26.0.jar;C:\Users\MOHANASUNDARAM\.m2\repository\org\apache\commons\commons-exec\1.4.0\commons-exec-1.4.0.jar;C:\Users\MOHANASUNDARAM\.m2\repository\org\seleniumhq\selenium\selenium-safari-driver\4.26.0\selenium-safari-driver-4.26.0.jar;C:\Users\MOHANASUNDARAM\.m2\repository\org\seleniumhq\selenium\selenium-support\4.26.0\selenium-support-4.26.0.jar;C:\Users\MOHANASUNDARAM\.m2\repository\io\cucumber\cucumber-junit\7.20.1\cucumber-junit-7.20.1.jar;C:\Users\MOHANASUNDARAM\.m2\repository\org\testng\testng\7.10.2\testng-7.10.2.jar;C:\Users\MOHANASUNDARAM\.m2\repository\org\slf4j\slf4j-api\1.7.36\slf4j-api-1.7.36.jar;C:\Users\MOHANASUNDARAM\.m2\repository\com\beust\jcommander\1.82\jcommander-1.82.jar;C:\Users\MOHANASUNDARAM\.m2\repository\org\webjars\jquery\3.7.1\jquery-3.7.1.jar;C:\Users\MOHANASUNDARAM\.m2\repository\io\cucumber\cucumber-picocontainer\7.20.1\cucumber-picocontainer-7.20.1.jar;C:\Users\MOHANASUNDARAM\.m2\repository\org\picocontainer\picocontainer\2.15\picocontainer-2.15.jar;C:\Users\MOHANASUNDARAM\.m2\repository\org\apache\poi\poi\5.3.0\poi-5.3.0.jar;C:\Users\MOHANASUNDARAM\.m2\repository\commons-codec\commons-codec\1.17.0\commons-codec-1.17.0.jar;C:\Users\MOHANASUNDARAM\.m2\repository\org\apache\commons\commons-collections4\4.4\commons-collections4-4.4.jar;C:\Users\MOHANASUNDARAM\.m2\repository\org\apache\commons\commons-math3\3.6.1\commons-math3-3.6.1.jar;C:\Users\MOHANASUNDARAM\.m2\repository\com\zaxxer\SparseBitSet\1.3\SparseBitSet-1.3.jar;C:\Users\MOHANASUNDARAM\.m2\repository\org\apache\logging\log4j\log4j-api\2.23.1\log4j-api-2.23.1.jar;C:\Users\MOHANASUNDARAM\.m2\repository\org\apache\poi\poi-ooxml\5.3.0\poi-ooxml-5.3.0.jar;C:\Users\MOHANASUNDARAM\.m2\repository\org\apache\poi\poi-ooxml-lite\5.3.0\poi-ooxml-lite-5.3.0.jar;C:\Users\MOHANASUNDARAM\.m2\repository\org\apache\xmlbeans\xmlbeans\5.2.1\xmlbeans-5.2.1.jar;C:\Users\MOHANASUNDARAM\.m2\repository\org\apache\commons\commons-compress\1.26.2\commons-compress-1.26.2.jar;C:\Users\MOHANASUNDARAM\.m2\repository\org\apache\commons\commons-lang3\3.14.0\commons-lang3-3.14.0.jar;C:\Users\MOHANASUNDARAM\.m2\repository\com\github\virtuald\curvesapi\1.08\curvesapi-1.08.jar;"/>
    <property name="sun.cpu.endian" value="little"/>
    <property name="user.home" value="C:\Users\MOHANASUNDARAM"/>
    <property name="user.language" value="en"/>
    <property name="java.specification.vendor" value="Oracle Corporation"/>
    <property name="java.version.date" value="2024-07-16"/>
    <property name="java.home" value="C:\Program Files\Java\jdk-11"/>
    <property name="file.separator" value="\"/>
    <property name="style.color" value="always"/>
    <property name="basedir" value="C:\Users\MOHANASUNDARAM\Desktop\bdd\bddcapstone"/>
    <property name="java.vm.compressedOopsMode" value="32-bit"/>
    <property name="line.separator" value="&#10;"/>
    <property name="java.specification.name" value="Java Platform API Specification"/>
    <property name="java.vm.specification.vendor" value="Oracle Corporation"/>
    <property name="java.awt.graphicsenv" value="sun.awt.Win32GraphicsEnvironment"/>
    <property name="surefire.real.class.path" value="C:\Users\MOHANASUNDARAM\AppData\Local\Temp\surefire5718204242442450461\surefirebooter-20241123111435218_3.jar"/>
    <property name="user.script" value=""/>
    <property name="sun.management.compiler" value="HotSpot 64-Bit Tiered Compilers"/>
    <property name="java.runtime.version" value="11.0.24+7-LTS-271"/>
    <property name="user.name" value="MOHANASUNDARAM"/>
    <property name="path.separator" value=";"/>
    <property name="os.version" value="10.0"/>
    <property name="java.runtime.name" value="Java(TM) SE Runtime Environment"/>
    <property name="file.encoding" value="Cp1252"/>
    <property name="browser" value="chrome"/>
    <property name="java.vm.name" value="Java HotSpot(TM) 64-Bit Server VM"/>
    <property name="java.vendor.version" value="18.9"/>
    <property name="localRepository" value="C:\Users\MOHANASUNDARAM\.m2\repository"/>
    <property name="java.vendor.url.bug" value="https://bugreport.java.com/bugreport/"/>
    <property name="java.io.tmpdir" value="C:\Users\MOHANA~1\AppData\Local\Temp\"/>
    <property name="java.version" value="11.0.24"/>
    <property name="user.dir" value="C:\Users\MOHANASUNDARAM\Desktop\bdd\bddcapstone"/>
    <property name="os.arch" value="amd64"/>
    <property name="java.vm.specification.name" value="Java Virtual Machine Specification"/>
    <property name="java.awt.printerjob" value="sun.awt.windows.WPrinterJob"/>
    <property name="sun.os.patch.level" value=""/>
    <property name="java.library.path" value="C:\Program Files\Java\jdk-11\bin;C:\WINDOWS\Sun\Java\bin;C:\WINDOWS\system32;C:\WINDOWS;C:/Users/MOHANASUNDARAM/.p2/pool/plugins/org.eclipse.justj.openjdk.hotspot.jre.full.win32.x86_64_23.0.1.v20241024-1700/jre/bin/server;C:/Users/MOHANASUNDARAM/.p2/pool/plugins/org.eclipse.justj.openjdk.hotspot.jre.full.win32.x86_64_23.0.1.v20241024-1700/jre/bin;C:\Program Files\Common Files\Oracle\Java\javapath;C:\WINDOWS\system32;C:\WINDOWS;C:\WINDOWS\System32\Wbem;C:\WINDOWS\System32\WindowsPowerShell\v1.0\;C:\WINDOWS\System32\OpenSSH\;C:\Program Files\Java\jdk-11\bin;C:\Users\MOHANASUNDARAM\AppData\Local\Android\Sdk\tools\bin;C:\Users\MOHANASUNDARAM\AppData\Local\Android\Sdk\tools;C:\Users\MOHANASUNDARAM\AppData\Local\Android\Sdk\platform-tools;C:\Users\MOHANASUNDARAM\AppData\Local\Programs\Python\Python312;C:\Users\MOHANASUNDARAM\AppData\Local\Programs\Python\Python312\Scripts;C:\Program Files\nodejs\;C:\Program Files\apache-maven-3.9.6\bin;C:\Program Files\Git\cmd;C:\Users\MOHANASUNDARAM\AppData\Local\Microsoft\WindowsApps;C:\Users\MOHANASUNDARAM\AppData\Local\Programs\Microsoft VS Code\bin;C:\Users\MOHANASUNDARAM\AppData\Roaming\npm;C:\Program Files\JetBrains\PyCharm 2024.1.1\bin;;C:\Users\MOHANASUNDARAM\Desktop;;."/>
    <property name="java.vendor" value="Oracle Corporation"/>
    <property name="java.vm.info" value="mixed mode"/>
    <property name="java.vm.version" value="11.0.24+7-LTS-271"/>
    <property name="java.specification.maintenance.version" value="2"/>
    <property name="sun.io.unicode.encoding" value="UnicodeLittle"/>
    <property name="java.class.version" value="55.0"/>
  </properties>
  <testcase name="runScenario[&quot;Verify complete purchase workflow on SauceDemo&quot;, &quot;SauceDemo Portal End-to-End Test&quot;](1)" classname="runner.TestNGCucumberRunner" time="5.477">
    <system-out><![CDATA[Browser :chrome

Scenario: Verify complete purchase workflow on SauceDemo                 # src/test/resources/features/SauceDemo.feature:3
  Given the application is launched                                      # stepdefinitions.SauceDemoStepTest.the_application_is_launched()

    Embedding Screenshot onVerify complete purchase workflow on SauceDemo [image/png 36805 bytes]

2024-11-23T05:44:40.575168Z main ERROR Log4j2 could not find a logging implementation. Please add log4j-core to the classpath. Using SimpleLogger to log to the console...
  When I login with username "<username>" and password "<password>"      # stepdefinitions.SauceDemoStepTest.i_login_with_username_and_password(java.lang.String,java.lang.String)

    Embedding Screenshot onVerify complete purchase workflow on SauceDemo [image/png 323805 bytes]

  And I add multiple items to the cart                                   # stepdefinitions.SauceDemoStepTest.i_add_multiple_items_to_the_cart()

    Embedding Screenshot onVerify complete purchase workflow on SauceDemo [image/png 63982 bytes]

[Sauce Labs Backpack, Sauce Labs Bike Light]
[29.99, 9.99]
  And I proceed to checkout                                              # stepdefinitions.SauceDemoStepTest.i_proceed_to_checkout()

    Embedding Screenshot onVerify complete purchase workflow on SauceDemo [image/png 27694 bytes]

3
2
  And I provide valid checkout information                               # stepdefinitions.SauceDemoStepTest.i_provide_valid_checkout_information()

    Embedding Screenshot onVerify complete purchase workflow on SauceDemo [image/png 68892 bytes]

  And I complete the order                                               # stepdefinitions.SauceDemoStepTest.i_complete_the_order()

    Embedding Screenshot onVerify complete purchase workflow on SauceDemo [image/png 47471 bytes]

  Then I should see the confirmation message "Thank you for your order!" # stepdefinitions.SauceDemoStepTest.i_should_see_the_confirmation_message(java.lang.String)

    Embedding Screenshot onVerify complete purchase workflow on SauceDemo [image/png 47471 bytes]

]]></system-out>
    <system-err><![CDATA[SLF4J: Failed to load class "org.slf4j.impl.StaticLoggerBinder".
SLF4J: Defaulting to no-operation (NOP) logger implementation
SLF4J: See http://www.slf4j.org/codes.html#StaticLoggerBinder for further details.
Nov 23, 2024 11:14:38 AM org.openqa.selenium.devtools.CdpVersionFinder findNearestMatch
WARNING: Unable to find an exact match for CDP version 131, returning the closest version; found: 130; Please update to a Selenium version that supports CDP version 131
]]></system-err>
  </testcase>
</testsuite>