<?xml version="1.0" encoding="UTF-8"?>
<!-- Generated by org.testng.reporters.JUnitReportReporter -->
<testsuite hostname="LAPTOP-M13IRKBK" failures="0" tests="1" name="runner.TestNGCucumberRunner" time="3.688" errors="0" timestamp="2024-11-22T19:40:38 IST" skipped="0">
  <testcase classname="runner.TestNGCucumberRunner" name="runScenario" time="3.688"/>
</testsuite> <!-- runner.TestNGCucumberRunner -->
