<?xml version="1.0" encoding="UTF-8"?>
<!-- Generated by org.testng.reporters.JUnitReportReporter -->
<testsuite hostname="LAPTOP-M13IRKBK" failures="0" tests="1" name="runner.TestNGCucumberRunner" time="5.472" errors="0" timestamp="2024-11-23T11:14:46 IST" skipped="0">
  <testcase classname="runner.TestNGCucumberRunner" name="runScenario" time="5.472"/>
</testsuite> <!-- runner.TestNGCucumberRunner -->
